{
  "/Users/harry/Desktop/aws-terraform/express-backend/db.js": {
    "path": "/Users/harry/Desktop/aws-terraform/express-backend/db.js",
    "statementMap": {
      "0": {
        "start": { "line": 1, "column": 17 },
        "end": { "line": 1, "column": 30 }
      },
      "1": {
        "start": { "line": 3, "column": 13 },
        "end": { "line": 10, "column": 2 }
      },
      "2": {
        "start": { "line": 13, "column": 2 },
        "end": { "line": 17, "column": 3 }
      },
      "3": {
        "start": { "line": 14, "column": 4 },
        "end": { "line": 14, "column": 33 }
      },
      "4": {
        "start": { "line": 16, "column": 4 },
        "end": { "line": 16, "column": 68 }
      },
      "5": {
        "start": { "line": 20, "column": 0 },
        "end": { "line": 20, "column": 32 }
      }
    },
    "fnMap": {
      "0": {
        "name": "ping",
        "decl": {
          "start": { "line": 12, "column": 15 },
          "end": { "line": 12, "column": 19 }
        },
        "loc": {
          "start": { "line": 12, "column": 22 },
          "end": { "line": 18, "column": 1 }
        },
        "line": 12
      }
    },
    "branchMap": {},
    "s": { "0": 2, "1": 2, "2": 0, "3": 0, "4": 0, "5": 2 },
    "f": { "0": 0 },
    "b": {},
    "_coverageSchema": "1a1c01bbd47fc00a2c39e90264f33305004495a9",
    "hash": "dc22156bd1d3fb52d0bda60a9ebc33c49de035f2"
  },
  "/Users/harry/Desktop/aws-terraform/express-backend/index.js": {
    "path": "/Users/harry/Desktop/aws-terraform/express-backend/index.js",
    "statementMap": {
      "0": {
        "start": { "line": 1, "column": 16 },
        "end": { "line": 1, "column": 34 }
      },
      "1": {
        "start": { "line": 2, "column": 12 },
        "end": { "line": 2, "column": 21 }
      },
      "2": {
        "start": { "line": 3, "column": 13 },
        "end": { "line": 3, "column": 28 }
      },
      "3": {
        "start": { "line": 4, "column": 13 },
        "end": { "line": 4, "column": 17 }
      },
      "4": {
        "start": { "line": 5, "column": 23 },
        "end": { "line": 5, "column": 38 }
      },
      "5": {
        "start": { "line": 6, "column": 35 },
        "end": { "line": 6, "column": 63 }
      },
      "6": {
        "start": { "line": 8, "column": 0 },
        "end": { "line": 8, "column": 16 }
      },
      "7": {
        "start": { "line": 9, "column": 0 },
        "end": { "line": 9, "column": 24 }
      },
      "8": {
        "start": { "line": 11, "column": 0 },
        "end": { "line": 15, "column": 3 }
      },
      "9": {
        "start": { "line": 12, "column": 2 },
        "end": { "line": 14, "column": 5 }
      },
      "10": {
        "start": { "line": 17, "column": 0 },
        "end": { "line": 27, "column": 3 }
      },
      "11": {
        "start": { "line": 18, "column": 2 },
        "end": { "line": 26, "column": 3 }
      },
      "12": {
        "start": { "line": 19, "column": 19 },
        "end": { "line": 19, "column": 58 }
      },
      "13": {
        "start": { "line": 20, "column": 4 },
        "end": { "line": 20, "column": 26 }
      },
      "14": {
        "start": { "line": 22, "column": 4 },
        "end": { "line": 22, "column": 33 }
      },
      "15": {
        "start": { "line": 23, "column": 4 },
        "end": { "line": 25, "column": 7 }
      },
      "16": {
        "start": { "line": 29, "column": 0 },
        "end": { "line": 80, "column": 2 }
      },
      "17": {
        "start": { "line": 46, "column": 4 },
        "end": { "line": 78, "column": 5 }
      },
      "18": {
        "start": { "line": 47, "column": 21 },
        "end": { "line": 47, "column": 42 }
      },
      "19": {
        "start": { "line": 48, "column": 6 },
        "end": { "line": 57, "column": 7 }
      },
      "20": {
        "start": { "line": 49, "column": 8 },
        "end": { "line": 56, "column": 11 }
      },
      "21": {
        "start": { "line": 51, "column": 12 },
        "end": { "line": 54, "column": 14 }
      },
      "22": {
        "start": { "line": 58, "column": 30 },
        "end": { "line": 58, "column": 38 }
      },
      "23": {
        "start": { "line": 60, "column": 21 },
        "end": { "line": 63, "column": 7 }
      },
      "24": {
        "start": { "line": 64, "column": 6 },
        "end": { "line": 68, "column": 9 }
      },
      "25": {
        "start": { "line": 70, "column": 6 },
        "end": { "line": 77, "column": 7 }
      },
      "26": {
        "start": { "line": 71, "column": 8 },
        "end": { "line": 73, "column": 11 }
      },
      "27": {
        "start": { "line": 75, "column": 8 },
        "end": { "line": 75, "column": 37 }
      },
      "28": {
        "start": { "line": 76, "column": 8 },
        "end": { "line": 76, "column": 65 }
      },
      "29": {
        "start": { "line": 83, "column": 0 },
        "end": { "line": 87, "column": 3 }
      },
      "30": {
        "start": { "line": 84, "column": 2 },
        "end": { "line": 86, "column": 5 }
      },
      "31": {
        "start": { "line": 89, "column": 20 },
        "end": { "line": 104, "column": 1 }
      },
      "32": {
        "start": { "line": 90, "column": 2 },
        "end": { "line": 103, "column": 3 }
      },
      "33": {
        "start": { "line": 91, "column": 4 },
        "end": { "line": 91, "column": 17 }
      },
      "34": {
        "start": { "line": 92, "column": 4 },
        "end": { "line": 92, "column": 42 }
      },
      "35": {
        "start": { "line": 94, "column": 19 },
        "end": { "line": 96, "column": 6 }
      },
      "36": {
        "start": { "line": 95, "column": 6 },
        "end": { "line": 95, "column": 67 }
      },
      "37": {
        "start": { "line": 98, "column": 4 },
        "end": { "line": 98, "column": 49 }
      },
      "38": {
        "start": { "line": 98, "column": 31 },
        "end": { "line": 98, "column": 47 }
      },
      "39": {
        "start": { "line": 99, "column": 4 },
        "end": { "line": 99, "column": 50 }
      },
      "40": {
        "start": { "line": 99, "column": 32 },
        "end": { "line": 99, "column": 48 }
      },
      "41": {
        "start": { "line": 101, "column": 4 },
        "end": { "line": 101, "column": 33 }
      },
      "42": {
        "start": { "line": 102, "column": 4 },
        "end": { "line": 102, "column": 20 }
      },
      "43": {
        "start": { "line": 106, "column": 17 },
        "end": { "line": 115, "column": 1 }
      },
      "44": {
        "start": { "line": 107, "column": 2 },
        "end": { "line": 107, "column": 46 }
      },
      "45": {
        "start": { "line": 108, "column": 2 },
        "end": { "line": 110, "column": 5 }
      },
      "46": {
        "start": { "line": 109, "column": 4 },
        "end": { "line": 109, "column": 48 }
      },
      "47": {
        "start": { "line": 111, "column": 2 },
        "end": { "line": 114, "column": 5 }
      },
      "48": {
        "start": { "line": 112, "column": 4 },
        "end": { "line": 112, "column": 34 }
      },
      "49": {
        "start": { "line": 113, "column": 4 },
        "end": { "line": 113, "column": 20 }
      },
      "50": {
        "start": { "line": 117, "column": 0 },
        "end": { "line": 119, "column": 1 }
      },
      "51": {
        "start": { "line": 118, "column": 2 },
        "end": { "line": 118, "column": 16 }
      },
      "52": {
        "start": { "line": 121, "column": 0 },
        "end": { "line": 121, "column": 25 }
      }
    },
    "fnMap": {
      "0": {
        "name": "(anonymous_0)",
        "decl": {
          "start": { "line": 11, "column": 25 },
          "end": { "line": 11, "column": 26 }
        },
        "loc": {
          "start": { "line": 11, "column": 39 },
          "end": { "line": 15, "column": 1 }
        },
        "line": 11
      },
      "1": {
        "name": "(anonymous_1)",
        "decl": {
          "start": { "line": 17, "column": 25 },
          "end": { "line": 17, "column": 26 }
        },
        "loc": {
          "start": { "line": 17, "column": 45 },
          "end": { "line": 27, "column": 1 }
        },
        "line": 17
      },
      "2": {
        "name": "(anonymous_2)",
        "decl": {
          "start": { "line": 45, "column": 2 },
          "end": { "line": 45, "column": 3 }
        },
        "loc": {
          "start": { "line": 45, "column": 22 },
          "end": { "line": 79, "column": 3 }
        },
        "line": 45
      },
      "3": {
        "name": "(anonymous_3)",
        "decl": {
          "start": { "line": 50, "column": 37 },
          "end": { "line": 50, "column": 38 }
        },
        "loc": {
          "start": { "line": 50, "column": 46 },
          "end": { "line": 55, "column": 11 }
        },
        "line": 50
      },
      "4": {
        "name": "(anonymous_4)",
        "decl": {
          "start": { "line": 83, "column": 8 },
          "end": { "line": 83, "column": 9 }
        },
        "loc": {
          "start": { "line": 83, "column": 22 },
          "end": { "line": 87, "column": 1 }
        },
        "line": 83
      },
      "5": {
        "name": "(anonymous_5)",
        "decl": {
          "start": { "line": 89, "column": 20 },
          "end": { "line": 89, "column": 21 }
        },
        "loc": {
          "start": { "line": 89, "column": 32 },
          "end": { "line": 104, "column": 1 }
        },
        "line": 89
      },
      "6": {
        "name": "(anonymous_6)",
        "decl": {
          "start": { "line": 94, "column": 36 },
          "end": { "line": 94, "column": 37 }
        },
        "loc": {
          "start": { "line": 94, "column": 42 },
          "end": { "line": 96, "column": 5 }
        },
        "line": 94
      },
      "7": {
        "name": "(anonymous_7)",
        "decl": {
          "start": { "line": 98, "column": 25 },
          "end": { "line": 98, "column": 26 }
        },
        "loc": {
          "start": { "line": 98, "column": 31 },
          "end": { "line": 98, "column": 47 }
        },
        "line": 98
      },
      "8": {
        "name": "(anonymous_8)",
        "decl": {
          "start": { "line": 99, "column": 26 },
          "end": { "line": 99, "column": 27 }
        },
        "loc": {
          "start": { "line": 99, "column": 32 },
          "end": { "line": 99, "column": 48 }
        },
        "line": 99
      },
      "9": {
        "name": "(anonymous_9)",
        "decl": {
          "start": { "line": 106, "column": 17 },
          "end": { "line": 106, "column": 18 }
        },
        "loc": {
          "start": { "line": 106, "column": 29 },
          "end": { "line": 115, "column": 1 }
        },
        "line": 106
      },
      "10": {
        "name": "(anonymous_10)",
        "decl": {
          "start": { "line": 108, "column": 11 },
          "end": { "line": 108, "column": 12 }
        },
        "loc": {
          "start": { "line": 108, "column": 17 },
          "end": { "line": 110, "column": 3 }
        },
        "line": 108
      },
      "11": {
        "name": "(anonymous_11)",
        "decl": {
          "start": { "line": 111, "column": 15 },
          "end": { "line": 111, "column": 16 }
        },
        "loc": {
          "start": { "line": 111, "column": 21 },
          "end": { "line": 114, "column": 3 }
        },
        "line": 111
      }
    },
    "branchMap": {
      "0": {
        "loc": {
          "start": { "line": 48, "column": 6 },
          "end": { "line": 57, "column": 7 }
        },
        "type": "if",
        "locations": [
          {
            "start": { "line": 48, "column": 6 },
            "end": { "line": 57, "column": 7 }
          },
          { "start": {}, "end": {} }
        ],
        "line": 48
      },
      "1": {
        "loc": {
          "start": { "line": 70, "column": 6 },
          "end": { "line": 77, "column": 7 }
        },
        "type": "if",
        "locations": [
          {
            "start": { "line": 70, "column": 6 },
            "end": { "line": 77, "column": 7 }
          },
          {
            "start": { "line": 74, "column": 13 },
            "end": { "line": 77, "column": 7 }
          }
        ],
        "line": 70
      },
      "2": {
        "loc": {
          "start": { "line": 117, "column": 0 },
          "end": { "line": 119, "column": 1 }
        },
        "type": "if",
        "locations": [
          {
            "start": { "line": 117, "column": 0 },
            "end": { "line": 119, "column": 1 }
          },
          { "start": {}, "end": {} }
        ],
        "line": 117
      }
    },
    "s": {
      "0": 2,
      "1": 2,
      "2": 2,
      "3": 2,
      "4": 2,
      "5": 2,
      "6": 2,
      "7": 2,
      "8": 2,
      "9": 2,
      "10": 2,
      "11": 1,
      "12": 1,
      "13": 1,
      "14": 0,
      "15": 0,
      "16": 2,
      "17": 2,
      "18": 2,
      "19": 2,
      "20": 0,
      "21": 0,
      "22": 2,
      "23": 2,
      "24": 1,
      "25": 1,
      "26": 1,
      "27": 0,
      "28": 0,
      "29": 2,
      "30": 1,
      "31": 2,
      "32": 0,
      "33": 0,
      "34": 0,
      "35": 0,
      "36": 0,
      "37": 0,
      "38": 0,
      "39": 0,
      "40": 0,
      "41": 0,
      "42": 0,
      "43": 2,
      "44": 0,
      "45": 0,
      "46": 0,
      "47": 0,
      "48": 0,
      "49": 0,
      "50": 2,
      "51": 0,
      "52": 2
    },
    "f": {
      "0": 2,
      "1": 1,
      "2": 2,
      "3": 0,
      "4": 1,
      "5": 0,
      "6": 0,
      "7": 0,
      "8": 0,
      "9": 0,
      "10": 0,
      "11": 0
    },
    "b": { "0": [0, 2], "1": [1, 0], "2": [0, 2] },
    "_coverageSchema": "1a1c01bbd47fc00a2c39e90264f33305004495a9",
    "hash": "e635e4a3bfa8db3a40c45d39afd67b6c5725ce07"
  }
}
