TN:
SF:db.js
FN:12,ping
FNF:1
FNH:0
FNDA:0,ping
DA:1,2
DA:3,2
DA:13,0
DA:14,0
DA:16,0
DA:20,2
LF:6
LH:3
BRF:0
BRH:0
end_of_record
TN:
SF:index.js
FN:11,(anonymous_0)
FN:17,(anonymous_1)
FN:45,(anonymous_2)
FN:50,(anonymous_3)
FN:83,(anonymous_4)
FN:89,(anonymous_5)
FN:94,(anonymous_6)
FN:98,(anonymous_7)
FN:99,(anonymous_8)
FN:106,(anonymous_9)
FN:108,(anonymous_10)
FN:111,(anonymous_11)
FNF:12
FNH:4
FNDA:2,(anonymous_0)
FNDA:1,(anonymous_1)
FNDA:2,(anonymous_2)
FNDA:0,(anonymous_3)
FNDA:1,(anonymous_4)
FNDA:0,(anonymous_5)
FNDA:0,(anonymous_6)
FNDA:0,(anonymous_7)
FNDA:0,(anonymous_8)
FNDA:0,(anonymous_9)
FNDA:0,(anonymous_10)
FNDA:0,(anonymous_11)
DA:1,2
DA:2,2
DA:3,2
DA:4,2
DA:5,2
DA:6,2
DA:8,2
DA:9,2
DA:11,2
DA:12,2
DA:17,2
DA:18,1
DA:19,1
DA:20,1
DA:22,0
DA:23,0
DA:29,2
DA:46,2
DA:47,2
DA:48,2
DA:49,0
DA:51,0
DA:58,2
DA:60,2
DA:64,1
DA:70,1
DA:71,1
DA:75,0
DA:76,0
DA:83,2
DA:84,1
DA:89,2
DA:90,0
DA:91,0
DA:92,0
DA:94,0
DA:95,0
DA:98,0
DA:99,0
DA:101,0
DA:102,0
DA:106,2
DA:107,0
DA:108,0
DA:109,0
DA:111,0
DA:112,0
DA:113,0
DA:117,2
DA:118,0
DA:121,2
LF:51
LH:29
BRDA:48,0,0,0
BRDA:48,0,1,2
BRDA:70,1,0,1
BRDA:70,1,1,0
BRDA:117,2,0,0
BRDA:117,2,1,2
BRF:6
BRH:3
end_of_record
